#
# A fatal error has been detected by the Java Runtime Environment:
#
#  EXCEPTION_ACCESS_VIOLATION (0xc0000005) at pc=0x00007ffa298e26c4, pid=12540, tid=12220
#
# JRE version: Java(TM) SE Runtime Environment (24.0.1+9) (build 24.0.1+9-30)
# Java VM: Java HotSpot(TM) 64-Bit Server VM (24.0.1+9-30, mixed mode, emulated-client, sharing, tiered, compressed oops, compressed class ptrs, g1 gc, windows-amd64)
# Problematic frame:
# C  [libasyncProfiler.dll+0x926c4]
#
# No core dump will be written. Minidumps are not enabled by default on client versions of Windows
#
# JFR recording file will be written. Location: C:\Users\stagiaire\IdeaProjects\Tournoi_Project\hs_err_pid12540.jfr
#
# If you would like to submit a bug report, please visit:
#   https://bugreport.java.com/bugreport/crash.jsp
# The crash happened outside the Java Virtual Machine in native code.
# See problematic frame for where to report the bug.
#

---------------  S U M M A R Y ------------

Command Line: -XX:TieredStopAtLevel=1 -Dspring.output.ansi.enabled=always -javaagent:C:\Program Files\JetBrains\IntelliJ IDEA 2025.1.1.1\lib\idea_rt.jar=62150 -agentpath:C:\Users\stagiaire\AppData\Local\Temp\idea_libasyncProfiler_dll_temp_folder\libasyncProfiler.dll=start,jfr,event=wall,interval=10ms,jfrsync=profile,cstack=no,file=C:\Users\stagiaire\IdeaSnapshots\TournoiProjectApplication_2025_05_15_091718.jfr,dbghelppath=C:\Users\stagiaire\AppData\Local\Temp\idea_dbghelp_dll_temp_folder\dbghelp.dll,log=C:\Users\stagiaire\AppData\Local\Temp\TournoiProjectApplication_2025_05_15_091718.jfr.log.txt,logLevel=DEBUG -Dfile.encoding=UTF-8 -Dsun.stdout.encoding=UTF-8 -Dsun.stderr.encoding=UTF-8 com.crud.tournoi_project.TournoiProjectApplication

Host: 13th Gen Intel(R) Core(TM) i7-13620H, 16 cores, 15G,  Windows 11 , 64 bit Build 26100 (10.0.26100.3323)
Time: Thu May 15 09:17:19 2025 Arabie elapsed time: 0.446771 seconds (0d 0h 0m 0s)

---------------  T H R E A D  ---------------

Current thread (0x000001c845c83280):  JavaThread "main"             [_thread_in_native, id=12220, stack(0x0000005889d00000,0x0000005889e00000) (1024K)]

Stack: [0x0000005889d00000,0x0000005889e00000],  sp=0x0000005889dfe590,  free space=1017k
Native frames: (J=compiled Java code, j=interpreted, Vv=VM code, C=native code)
C  [libasyncProfiler.dll+0x926c4]  (no source info available)
C  [libasyncProfiler.dll+0x92b9b]  (no source info available)
C  [libasyncProfiler.dll+0x917f4]  (no source info available)
C  [libasyncProfiler.dll+0x9206a]  (no source info available)
C  [libasyncProfiler.dll+0x8cc21]  (no source info available)
C  [libasyncProfiler.dll+0x7e5e1]  (no source info available)
C  [libasyncProfiler.dll+0x7d2f8]  (no source info available)
C  [libasyncProfiler.dll+0x7d1e0]  (no source info available)
C  [libasyncProfiler.dll+0x832fc]  (no source info available)
V  [jvm.dll+0x5e38de]  (no source info available)
V  [jvm.dll+0x886056]  (no source info available)
V  [jvm.dll+0x495f3e]  (no source info available)
V  [jvm.dll+0x497d11]  (no source info available)
C  [jli.dll+0x52a1]  (no source info available)
C  [ucrtbase.dll+0x37b0]  (no source info available)
C  [KERNEL32.DLL+0x2e8d7]  (no source info available)
C  [ntdll.dll+0xbbf6c]  (no source info available)


siginfo: EXCEPTION_ACCESS_VIOLATION (0xc0000005), reading address 0xffffffffffffffff


Registers:
RAX=0x0000000000000010, RBX=0x0000000000000000, RCX=0xffffffffffffffff, RDX=0x007ffa13bb301010
RSP=0x0000005889dfe590, RBP=0x000001c84131c980, RSI=0x0000005889dfe700, RDI=0x000001c84131c980
R8 =0x0000000000000042, R9 =0x0000000715601ed8, R10=0x00007ffa13e29fb0, R11=0x0000000000000002
R12=0x0000005889dfe700, R13=0x000001c845c7d3b0, R14=0x000001c845c83648, R15=0x000001c845c83648
RIP=0x00007ffa298e26c4, EFLAGS=0x0000000000010202

XMM[0]=0x0000000000000000 0x0000000000000000
XMM[1]=0x0000000000000000 0x0000000000000000
XMM[2]=0x0000000000000000 0x0000000000000000
XMM[3]=0x0000000000000000 0x0000000000000000
XMM[4]=0x0000000000000000 0x0000000000000000
XMM[5]=0x0000000000000000 0x0000000000000000
XMM[6]=0x0000000000000000 0x0000000000000000
XMM[7]=0x0000000000000000 0x0000000000000000
XMM[8]=0x0000000000000000 0x0000000000000000
XMM[9]=0x0000000000000000 0x0000000000000000
XMM[10]=0x0000000000000000 0x0000000000000000
XMM[11]=0x0000000000000000 0x0000000000000000
XMM[12]=0x0000000000000000 0x0000000000000000
XMM[13]=0x0000000000000000 0x0000000000000000
XMM[14]=0x0000000000000000 0x0000000000000000
XMM[15]=0x0000000000000000 0x0000000000000000
  MXCSR=0x00001fa0


Register to memory mapping:

RAX=0x0000000000000010 is an unknown value
RBX=0x0 is null
RCX=0xffffffffffffffff is an unknown value
RDX=0x007ffa13bb301010 is an unknown value
RSP=0x0000005889dfe590 is pointing into the stack for thread: 0x000001c845c83280
RBP=0x000001c84131c980 points into unknown readable memory: 0x0000000715601ed8 | d8 1e 60 15 07 00 00 00
RSI=0x0000005889dfe700 is pointing into the stack for thread: 0x000001c845c83280
RDI=0x000001c84131c980 points into unknown readable memory: 0x0000000715601ed8 | d8 1e 60 15 07 00 00 00
R8 =0x0000000000000042 is an unknown value
R9 =0x0000000715601ed8 is an oop: java.lang.Thread 
{0x0000000715601ed8} - klass: 'java/lang/Thread' - flags: 

 - ---- fields (total size 14 words):
 - 'threadLocalRandomProbe' 'I' @12  0 (0x00000000)
 - private volatile 'eetop' 'J' @16  1959675835008 (0x000001c845c83280)
 - private final 'tid' 'J' @24  3 (0x0000000000000003)
 - 'threadLocalRandomSeed' 'J' @32  0 (0x0000000000000000)
 - injected 'jvmti_thread_state' 'J' @40  1959637127312 (0x000001c843799090)
 - 'threadLocalRandomSecondarySeed' 'I' @48  0 (0x00000000)
 - injected 'jvmti_VTMS_transition_disable_count' 'I' @52  0 (0x00000000)
 - injected 'jfr_epoch' 'S' @56  0 (0x0000)
 - volatile 'interrupted' 'Z' @58  false (0x00)
 - injected 'jvmti_is_in_VTMS_transition' 'Z' @59  false (0x00)
 - private volatile 'name' 'Ljava/lang/String;' @60  "main"{0x0000000715601f48} (0xe2ac03e9)
 - private volatile 'contextClassLoader' 'Ljava/lang/ClassLoader;' @64  a 'jdk/internal/loader/ClassLoaders$AppClassLoader'{0x00000007156163c8} (0xe2ac2c79)
 - private final 'holder' 'Ljava/lang/Thread$FieldHolder;' @68  a 'java/lang/Thread$FieldHolder'{0x0000000715601f88} (0xe2ac03f1)
 - 'threadLocals' 'Ljava/lang/ThreadLocal$ThreadLocalMap;' @72  a 'java/lang/ThreadLocal$ThreadLocalMap'{0x00000007155339d8} (0xe2aa673b)
 - 'inheritableThreadLocals' 'Ljava/lang/ThreadLocal$ThreadLocalMap;' @76  null (0x00000000)
 - private 'scopedValueBindings' 'Ljava/lang/Object;' @80  a 'java/lang/Class'{0x00000007ffe7c890} = 'java/lang/Thread' (0xfffcf912)
 - final 'interruptLock' 'Ljava/lang/Object;' @84  a 'java/lang/Object'{0x0000000715601f78} (0xe2ac03ef)
 - private volatile 'parkBlocker' 'Ljava/lang/Object;' @88  null (0x00000000)
 - private 'nioBlocker' 'Lsun/nio/ch/Interruptible;' @92  null (0x00000000)
 - private 'cont' 'Ljdk/internal/vm/Continuation;' @96  null (0x00000000)
 - private volatile 'uncaughtExceptionHandler' 'Ljava/lang/Thread$UncaughtExceptionHandler;' @100  null (0x00000000)
 - private 'container' 'Ljdk/internal/vm/ThreadContainer;' @104  null (0x00000000)
 - private volatile 'headStackableScopes' 'Ljdk/internal/vm/StackableScope;' @108  null (0x00000000)
R10=0x00007ffa13e29fb0 jvm.dll
R11=0x0000000000000002 is an unknown value
R12=0x0000005889dfe700 is pointing into the stack for thread: 0x000001c845c83280
R13=0x000001c845c7d3b0 points into unknown readable memory: 0x00007ffa13d9a510 | 10 a5 d9 13 fa 7f 00 00
R14=0x000001c845c83648 points into unknown readable memory: 0x00007ffa13d917b0 | b0 17 d9 13 fa 7f 00 00
R15=0x000001c845c83648 points into unknown readable memory: 0x00007ffa13d917b0 | b0 17 d9 13 fa 7f 00 00

Top of Stack: (sp=0x0000005889dfe590)
0x0000005889dfe590:   0000005889dfe700 000001c84131c980   ....X.....1A....
0x0000005889dfe5a0:   0000000000000000 000001c845c839d0   .........9.E....
0x0000005889dfe5b0:   000000000000001b 00007ffa298e2b9b   .........+.)....
0x0000005889dfe5c0:   0000000000000000 000001c845c83648   ........H6.E....
0x0000005889dfe5d0:   0000005889dfe701 0000000000000000   ....X...........
0x0000005889dfe5e0:   000001c8429f9240 00007ffa298e17f4   @..B.......)....
0x0000005889dfe5f0:   0000000000000000 000000000000001b   ................
0x0000005889dfe600:   0000000000000000 000000000000001b   ................
0x0000005889dfe610:   0000000900000003 000001c8429dab50   ........P..B....
0x0000005889dfe620:   000001c8429f9240 000001c8429f92ac   @..B.......B....
0x0000005889dfe630:   000001c8429f92b0 000001c800000f08   ...B............
0x0000005889dfe640:   0000000000000000 0000000000000000   ................
0x0000005889dfe650:   0000000000000000 00007ffa135f57d4   .........W_.....
0x0000005889dfe660:   00007ffa29a24ca0 00000000000030fc   .L.).....0......
0x0000005889dfe670:   00007ffa29a24ca0 00000000ffffffff   .L.)............
0x0000005889dfe680:   0000000000000000 00007ffa298e206a   ........j .)....
0x0000005889dfe690:   000001c845c83648 0000000000000000   H6.E............
0x0000005889dfe6a0:   0000005889dfe709 000001c845c7d3b0   ....X......E....
0x0000005889dfe6b0:   000001c842cf9040 000001c843780000   @..B......xC....
0x0000005889dfe6c0:   000001c842cf9040 00007ffa8a209529   @..B....). .....
0x0000005889dfe6d0:   000001c845c83648 00007ffa29a24ca0   H6.E.....L.)....
0x0000005889dfe6e0:   00007ffa299cf0d8 00007ffa299cf0c8   ...).......)....
0x0000005889dfe6f0:   0000000000000000 000001c845c83648   ........H6.E....
0x0000005889dfe700:   000001c842a82ef0 000001c842a83250   ...B....P2.B....
0x0000005889dfe710:   000001c842a83250 00007ffa29a24ca0   P2.B.....L.)....
0x0000005889dfe720:   000001c845c98f68 0000005889dfe898   h..E........X...
0x0000005889dfe730:   0000005889dfe9d0 0000000000008840   ....X...@.......
0x0000005889dfe740:   00007ffa29a17080 00007ffa29a24cf0   .p.).....L.)....
0x0000005889dfe750:   0000000000989680 0000000000989680   ................
0x0000005889dfe760:   0000005889dfe870 00007ffa298dcc21   p...X...!..)....
0x0000005889dfe770:   00007ffa29a24ca0 00007ffa29a24cf8   .L.).....L.)....
0x0000005889dfe780:   00007ffa00000000 003e8aff00000001   ..............>.

Instructions: (pc=0x00007ffa298e26c4)
  0x00007ffa298e25c4:   cc cc cc cc cc cc cc cc cc cc cc cc cc cc cc cc
  0x00007ffa298e25d4:   cc cc cc cc cc cc cc cc cc cc cc cc cc cc cc cc
  0x00007ffa298e25e4:   cc cc cc cc cc cc cc cc cc cc cc cc cc cc cc cc
  0x00007ffa298e25f4:   cc cc cc cc cc cc cc cc cc cc cc cc cc cc cc cc
  0x00007ffa298e2604:   cc cc cc cc cc cc cc cc cc cc cc cc cc cc cc cc
  0x00007ffa298e2614:   cc cc cc cc cc cc cc cc cc cc cc cc cc cc cc cc
  0x00007ffa298e2624:   cc cc cc cc cc cc cc cc cc cc cc cc cc cc cc cc
  0x00007ffa298e2634:   cc cc cc cc cc cc cc cc cc cc cc cc cc cc cc cc
  0x00007ffa298e2644:   cc cc cc cc cc cc cc cc cc cc cc cc 40 57 48 83
  0x00007ffa298e2654:   ec 20 48 8b f9 48 8b 0d 10 28 14 00 48 85 c9 74
  0x00007ffa298e2664:   20 48 8b 01 48 8d 54 24 38 41 b8 06 00 01 00 4c
  0x00007ffa298e2674:   8b 48 30 41 ff d1 85 c0 75 07 48 8b 4c 24 38 eb
  0x00007ffa298e2684:   02 33 c9 4c 8b 05 ea 28 14 00 48 89 5c 24 30 4d
  0x00007ffa298e2694:   85 c0 74 4a 48 8b 01 48 8b d7 4c 8b 88 28 03 00
  0x00007ffa298e26a4:   00 41 ff d1 48 85 c0 74 35 48 63 0d f8 e6 13 00
  0x00007ffa298e26b4:   48 8b 14 01 48 85 d2 74 15 48 63 05 fc e6 13 00
=>0x00007ffa298e26c4:   8b 04 10 48 8b 5c 24 30 48 83 c4 20 5f c3 b8 ff
  0x00007ffa298e26d4:   ff ff ff 48 8b 5c 24 30 48 83 c4 20 5f c3 80 3d
  0x00007ffa298e26e4:   9b 27 14 00 00 bb ff ff ff ff 74 20 4c 8b 0d 31
  0x00007ffa298e26f4:   24 14 00 4c 8d 44 24 38 48 8b 0d 15 24 14 00 48
  0x00007ffa298e2704:   8b d7 41 ff d1 85 c0 0f 44 5c 24 38 8b c3 48 8b
  0x00007ffa298e2714:   5c 24 30 48 83 c4 20 5f c3 cc cc cc cc cc cc cc
  0x00007ffa298e2724:   cc cc cc cc cc cc cc cc cc cc cc cc cc cc cc cc
  0x00007ffa298e2734:   cc cc cc cc cc cc cc cc cc cc cc cc cc cc cc cc
  0x00007ffa298e2744:   cc cc cc cc cc cc cc cc cc cc cc cc 48 89 54 24
  0x00007ffa298e2754:   10 53 55 56 57 41 56 41 57 48 83 ec 28 48 8b f2
  0x00007ffa298e2764:   4c 8b f1 48 89 4c 24 78 45 33 ff 44 89 7c 24 68
  0x00007ffa298e2774:   c7 44 24 60 01 00 00 00 48 8d 4c 24 68 e8 ed 42
  0x00007ffa298e2784:   f7 ff 8b d8 48 8d 4c 24 60 e8 e1 42 f7 ff 8b e8
  0x00007ffa298e2794:   49 8b ce e8 00 fc f6 ff 48 8b f8 90 8b c3 f0 0f
  0x00007ffa298e27a4:   b1 2f 74 04 f3 90 eb f4 4c 89 3e 4c 89 7e 08 4c
  0x00007ffa298e27b4:   89 7e 10 49 8b 6e 08 4d 8b 76 10 49 3b ee 0f 84


Stack slot to memory mapping:

stack at sp + 0 slots: 0x0000005889dfe700 is pointing into the stack for thread: 0x000001c845c83280
stack at sp + 1 slots: 0x000001c84131c980 points into unknown readable memory: 0x0000000715601ed8 | d8 1e 60 15 07 00 00 00
stack at sp + 2 slots: 0x0 is null
stack at sp + 3 slots: 0x000001c845c839d0 points into unknown readable memory: 0x6e616c2e6176616a | 6a 61 76 61 2e 6c 61 6e
stack at sp + 4 slots: 0x000000000000001b is an unknown value
stack at sp + 5 slots: 0x00007ffa298e2b9b libasyncProfiler.dll
stack at sp + 6 slots: 0x0 is null
stack at sp + 7 slots: 0x000001c845c83648 points into unknown readable memory: 0x00007ffa13d917b0 | b0 17 d9 13 fa 7f 00 00

Lock stack of current Java thread (top to bottom):


---------------  P R O C E S S  ---------------

Threads class SMR info:
_java_thread_list=0x000001c842a5c7d0, length=16, elements={
0x000001c845c83280, 0x000001c8459c14e0, 0x000001c8459c1e20, 0x000001c8459c6ef0,
0x000001c8459c7b50, 0x000001c8459c8c30, 0x000001c8459cd9f0, 0x000001c8459ce650,
0x000001c84599d500, 0x000001c841275730, 0x000001c841278e30, 0x000001c84127bce0,
0x000001c8412e1bf0, 0x000001c8412e0600, 0x000001c8412e0d50, 0x000001c8412e2a90
}

Java Threads: ( => current thread )
=>0x000001c845c83280 JavaThread "main"                              [_thread_in_native, id=12220, stack(0x0000005889d00000,0x0000005889e00000) (1024K)]
  0x000001c8459c14e0 JavaThread "Reference Handler"          daemon [_thread_blocked, id=19524, stack(0x000000588a500000,0x000000588a600000) (1024K)]
  0x000001c8459c1e20 JavaThread "Finalizer"                  daemon [_thread_blocked, id=20084, stack(0x000000588a600000,0x000000588a700000) (1024K)]
  0x000001c8459c6ef0 JavaThread "Signal Dispatcher"          daemon [_thread_blocked, id=13328, stack(0x000000588a700000,0x000000588a800000) (1024K)]
  0x000001c8459c7b50 JavaThread "Attach Listener"            daemon [_thread_blocked, id=18096, stack(0x000000588a800000,0x000000588a900000) (1024K)]
  0x000001c8459c8c30 JavaThread "Service Thread"             daemon [_thread_blocked, id=21488, stack(0x000000588a900000,0x000000588aa00000) (1024K)]
  0x000001c8459cd9f0 JavaThread "Monitor Deflation Thread"   daemon [_thread_blocked, id=22368, stack(0x000000588aa00000,0x000000588ab00000) (1024K)]
  0x000001c8459ce650 JavaThread "C1 CompilerThread0"         daemon [_thread_blocked, id=20720, stack(0x000000588ab00000,0x000000588ac00000) (1024K)]
  0x000001c84599d500 JavaThread "C1 CompilerThread1"         daemon [_thread_blocked, id=22288, stack(0x000000588ac00000,0x000000588ad00000) (1024K)]
  0x000001c841275730 JavaThread "C1 CompilerThread2"         daemon [_thread_blocked, id=21568, stack(0x000000588ad00000,0x000000588ae00000) (1024K)]
  0x000001c841278e30 JavaThread "C1 CompilerThread3"         daemon [_thread_blocked, id=12560, stack(0x000000588ae00000,0x000000588af00000) (1024K)]
  0x000001c84127bce0 JavaThread "C1 CompilerThread4"         daemon [_thread_blocked, id=6364, stack(0x000000588af00000,0x000000588b000000) (1024K)]
  0x000001c8412e1bf0 JavaThread "Common-Cleaner"             daemon [_thread_blocked, id=13680, stack(0x000000588b000000,0x000000588b100000) (1024K)]
  0x000001c8412e0600 JavaThread "Monitor Ctrl-Break"         daemon [_thread_in_native, id=6244, stack(0x000000588b100000,0x000000588b200000) (1024K)]
  0x000001c8412e0d50 JavaThread "JFR Recorder Thread"        daemon [_thread_in_native, id=9844, stack(0x000000588b200000,0x000000588b300000) (1024K)]
  0x000001c8412e2a90 JavaThread "JFR Periodic Tasks"         daemon [_thread_blocked, id=3848, stack(0x000000588b300000,0x000000588b400000) (1024K)]
Total: 16

Other Threads:
  0x000001c8459a7f90 VMThread "VM Thread"                           [id=10868, stack(0x000000588a400000,0x000000588a500000) (1024K)]
  0x000001c84597da00 WatcherThread "VM Periodic Task Thread"        [id=14256, stack(0x000000588a300000,0x000000588a400000) (1024K)]
  0x000001c845893d30 WorkerThread "GC Thread#0"                     [id=10044, stack(0x0000005889e00000,0x0000005889f00000) (1024K)]
  0x000001c8458a8560 ConcurrentGCThread "G1 Main Marker"            [id=16752, stack(0x0000005889f00000,0x000000588a000000) (1024K)]
  0x000001c8458aa090 WorkerThread "G1 Conc#0"                       [id=17196, stack(0x000000588a000000,0x000000588a100000) (1024K)]
  0x000001c845973100 ConcurrentGCThread "G1 Refine#0"               [id=18172, stack(0x000000588a100000,0x000000588a200000) (1024K)]
  0x000001c845973b90 ConcurrentGCThread "G1 Service"                [id=12692, stack(0x000000588a200000,0x000000588a300000) (1024K)]
Total: 7

Threads with active compile tasks:
Total: 0

VM state: not at safepoint (normal execution)

VM Mutex/Monitor currently owned by a thread: None

Heap address: 0x0000000705c00000, size: 4004 MB, Compressed Oops mode: Zero based, Oop shift amount: 3

CDS archive(s) mapped at: [0x000001c800000000-0x000001c800d40000-0x000001c800d40000), size 13893632, SharedBaseAddress: 0x000001c800000000, ArchiveRelocationMode: 1.
Compressed class space mapped at: 0x000001c801000000-0x000001c841000000, reserved size: 1073741824
UseCompressedClassPointers 1, UseCompactObjectHeaders 0
Narrow klass pointer bits 32, Max shift 3
Narrow klass base: 0x000001c800000000, Narrow klass shift: 0
Encoding Range: [0x000001c800000000 - 0x000001c900000000), (4294967296 bytes)
Klass Range:    [0x000001c800000000 - 0x000001c841000000), (1090519040 bytes)
Klass ID Range:  [8 - 1090519033) (1090519025)

GC Precious Log:
 CardTable entry size: 512
 Card Set container configuration: InlinePtr #cards 4 size 8 Array Of Cards #cards 16 size 48 Howl #buckets 8 coarsen threshold 3686 Howl Bitmap #cards 512 size 80 coarsen threshold 460 Card regions per heap region 1 cards per card region 4096
 CPUs: 16 total, 16 available
 Memory: 16010M
 Large Page Support: Disabled
 NUMA Support: Disabled
 Compressed Oops: Enabled (Zero based)
 Heap Region Size: 2M
 Heap Min Capacity: 8M
 Heap Initial Capacity: 252M
 Heap Max Capacity: 4004M
 Pre-touch: Disabled
 Parallel Workers: 13
 Concurrent Workers: 3
 Concurrent Refinement Workers: 13
 Periodic GC: Disabled

Heap:
 garbage-first heap   total reserved 4100096K, committed 260096K, used 19572K [0x0000000705c00000, 0x0000000800000000)
  region size 2048K, 11 young (22528K), 0 survivors (0K)
 Metaspace       used 2704K, committed 2880K, reserved 1114112K
  class space    used 303K, committed 384K, reserved 1048576K

Heap Regions: E=young(eden), S=young(survivor), O=old, HS=humongous(starts), HC=humongous(continues), CS=collection set, F=free, TAMS=top-at-mark-start, PB=parsable bottom
|   0|0x0000000705c00000, 0x0000000705c00000, 0x0000000705e00000|  0%| F|  |TAMS 0x0000000705c00000| PB 0x0000000705c00000| Untracked |  0
|   1|0x0000000705e00000, 0x0000000705e00000, 0x0000000706000000|  0%| F|  |TAMS 0x0000000705e00000| PB 0x0000000705e00000| Untracked |  0
|   2|0x0000000706000000, 0x0000000706000000, 0x0000000706200000|  0%| F|  |TAMS 0x0000000706000000| PB 0x0000000706000000| Untracked |  0
|   3|0x0000000706200000, 0x0000000706200000, 0x0000000706400000|  0%| F|  |TAMS 0x0000000706200000| PB 0x0000000706200000| Untracked |  0
|   4|0x0000000706400000, 0x0000000706400000, 0x0000000706600000|  0%| F|  |TAMS 0x0000000706400000| PB 0x0000000706400000| Untracked |  0
|   5|0x0000000706600000, 0x0000000706600000, 0x0000000706800000|  0%| F|  |TAMS 0x0000000706600000| PB 0x0000000706600000| Untracked |  0
|   6|0x0000000706800000, 0x0000000706800000, 0x0000000706a00000|  0%| F|  |TAMS 0x0000000706800000| PB 0x0000000706800000| Untracked |  0
|   7|0x0000000706a00000, 0x0000000706a00000, 0x0000000706c00000|  0%| F|  |TAMS 0x0000000706a00000| PB 0x0000000706a00000| Untracked |  0
|   8|0x0000000706c00000, 0x0000000706c00000, 0x0000000706e00000|  0%| F|  |TAMS 0x0000000706c00000| PB 0x0000000706c00000| Untracked |  0
|   9|0x0000000706e00000, 0x0000000706e00000, 0x0000000707000000|  0%| F|  |TAMS 0x0000000706e00000| PB 0x0000000706e00000| Untracked |  0
|  10|0x0000000707000000, 0x0000000707000000, 0x0000000707200000|  0%| F|  |TAMS 0x0000000707000000| PB 0x0000000707000000| Untracked |  0
|  11|0x0000000707200000, 0x0000000707200000, 0x0000000707400000|  0%| F|  |TAMS 0x0000000707200000| PB 0x0000000707200000| Untracked |  0
|  12|0x0000000707400000, 0x0000000707400000, 0x0000000707600000|  0%| F|  |TAMS 0x0000000707400000| PB 0x0000000707400000| Untracked |  0
|  13|0x0000000707600000, 0x0000000707600000, 0x0000000707800000|  0%| F|  |TAMS 0x0000000707600000| PB 0x0000000707600000| Untracked |  0
|  14|0x0000000707800000, 0x0000000707800000, 0x0000000707a00000|  0%| F|  |TAMS 0x0000000707800000| PB 0x0000000707800000| Untracked |  0
|  15|0x0000000707a00000, 0x0000000707a00000, 0x0000000707c00000|  0%| F|  |TAMS 0x0000000707a00000| PB 0x0000000707a00000| Untracked |  0
|  16|0x0000000707c00000, 0x0000000707c00000, 0x0000000707e00000|  0%| F|  |TAMS 0x0000000707c00000| PB 0x0000000707c00000| Untracked |  0
|  17|0x0000000707e00000, 0x0000000707e00000, 0x0000000708000000|  0%| F|  |TAMS 0x0000000707e00000| PB 0x0000000707e00000| Untracked |  0
|  18|0x0000000708000000, 0x0000000708000000, 0x0000000708200000|  0%| F|  |TAMS 0x0000000708000000| PB 0x0000000708000000| Untracked |  0
|  19|0x0000000708200000, 0x0000000708200000, 0x0000000708400000|  0%| F|  |TAMS 0x0000000708200000| PB 0x0000000708200000| Untracked |  0
|  20|0x0000000708400000, 0x0000000708400000, 0x0000000708600000|  0%| F|  |TAMS 0x0000000708400000| PB 0x0000000708400000| Untracked |  0
|  21|0x0000000708600000, 0x0000000708600000, 0x0000000708800000|  0%| F|  |TAMS 0x0000000708600000| PB 0x0000000708600000| Untracked |  0
|  22|0x0000000708800000, 0x0000000708800000, 0x0000000708a00000|  0%| F|  |TAMS 0x0000000708800000| PB 0x0000000708800000| Untracked |  0
|  23|0x0000000708a00000, 0x0000000708a00000, 0x0000000708c00000|  0%| F|  |TAMS 0x0000000708a00000| PB 0x0000000708a00000| Untracked |  0
|  24|0x0000000708c00000, 0x0000000708c00000, 0x0000000708e00000|  0%| F|  |TAMS 0x0000000708c00000| PB 0x0000000708c00000| Untracked |  0
|  25|0x0000000708e00000, 0x0000000708e00000, 0x0000000709000000|  0%| F|  |TAMS 0x0000000708e00000| PB 0x0000000708e00000| Untracked |  0
|  26|0x0000000709000000, 0x0000000709000000, 0x0000000709200000|  0%| F|  |TAMS 0x0000000709000000| PB 0x0000000709000000| Untracked |  0
|  27|0x0000000709200000, 0x0000000709200000, 0x0000000709400000|  0%| F|  |TAMS 0x0000000709200000| PB 0x0000000709200000| Untracked |  0
|  28|0x0000000709400000, 0x0000000709400000, 0x0000000709600000|  0%| F|  |TAMS 0x0000000709400000| PB 0x0000000709400000| Untracked |  0
|  29|0x0000000709600000, 0x0000000709600000, 0x0000000709800000|  0%| F|  |TAMS 0x0000000709600000| PB 0x0000000709600000| Untracked |  0
|  30|0x0000000709800000, 0x0000000709800000, 0x0000000709a00000|  0%| F|  |TAMS 0x0000000709800000| PB 0x0000000709800000| Untracked |  0
|  31|0x0000000709a00000, 0x0000000709a00000, 0x0000000709c00000|  0%| F|  |TAMS 0x0000000709a00000| PB 0x0000000709a00000| Untracked |  0
|  32|0x0000000709c00000, 0x0000000709c00000, 0x0000000709e00000|  0%| F|  |TAMS 0x0000000709c00000| PB 0x0000000709c00000| Untracked |  0
|  33|0x0000000709e00000, 0x0000000709e00000, 0x000000070a000000|  0%| F|  |TAMS 0x0000000709e00000| PB 0x0000000709e00000| Untracked |  0
|  34|0x000000070a000000, 0x000000070a000000, 0x000000070a200000|  0%| F|  |TAMS 0x000000070a000000| PB 0x000000070a000000| Untracked |  0
|  35|0x000000070a200000, 0x000000070a200000, 0x000000070a400000|  0%| F|  |TAMS 0x000000070a200000| PB 0x000000070a200000| Untracked |  0
|  36|0x000000070a400000, 0x000000070a400000, 0x000000070a600000|  0%| F|  |TAMS 0x000000070a400000| PB 0x000000070a400000| Untracked |  0
|  37|0x000000070a600000, 0x000000070a600000, 0x000000070a800000|  0%| F|  |TAMS 0x000000070a600000| PB 0x000000070a600000| Untracked |  0
|  38|0x000000070a800000, 0x000000070a800000, 0x000000070aa00000|  0%| F|  |TAMS 0x000000070a800000| PB 0x000000070a800000| Untracked |  0
|  39|0x000000070aa00000, 0x000000070aa00000, 0x000000070ac00000|  0%| F|  |TAMS 0x000000070aa00000| PB 0x000000070aa00000| Untracked |  0
|  40|0x000000070ac00000, 0x000000070ac00000, 0x000000070ae00000|  0%| F|  |TAMS 0x000000070ac00000| PB 0x000000070ac00000| Untracked |  0
|  41|0x000000070ae00000, 0x000000070ae00000, 0x000000070b000000|  0%| F|  |TAMS 0x000000070ae00000| PB 0x000000070ae00000| Untracked |  0
|  42|0x000000070b000000, 0x000000070b000000, 0x000000070b200000|  0%| F|  |TAMS 0x000000070b000000| PB 0x000000070b000000| Untracked |  0
|  43|0x000000070b200000, 0x000000070b200000, 0x000000070b400000|  0%| F|  |TAMS 0x000000070b200000| PB 0x000000070b200000| Untracked |  0
|  44|0x000000070b400000, 0x000000070b400000, 0x000000070b600000|  0%| F|  |TAMS 0x000000070b400000| PB 0x000000070b400000| Untracked |  0
|  45|0x000000070b600000, 0x000000070b600000, 0x000000070b800000|  0%| F|  |TAMS 0x000000070b600000| PB 0x000000070b600000| Untracked |  0
|  46|0x000000070b800000, 0x000000070b800000, 0x000000070ba00000|  0%| F|  |TAMS 0x000000070b800000| PB 0x000000070b800000| Untracked |  0
|  47|0x000000070ba00000, 0x000000070ba00000, 0x000000070bc00000|  0%| F|  |TAMS 0x000000070ba00000| PB 0x000000070ba00000| Untracked |  0
|  48|0x000000070bc00000, 0x000000070bc00000, 0x000000070be00000|  0%| F|  |TAMS 0x000000070bc00000| PB 0x000000070bc00000| Untracked |  0
|  49|0x000000070be00000, 0x000000070be00000, 0x000000070c000000|  0%| F|  |TAMS 0x000000070be00000| PB 0x000000070be00000| Untracked |  0
|  50|0x000000070c000000, 0x000000070c000000, 0x000000070c200000|  0%| F|  |TAMS 0x000000070c000000| PB 0x000000070c000000| Untracked |  0
|  51|0x000000070c200000, 0x000000070c200000, 0x000000070c400000|  0%| F|  |TAMS 0x000000070c200000| PB 0x000000070c200000| Untracked |  0
|  52|0x000000070c400000, 0x000000070c400000, 0x000000070c600000|  0%| F|  |TAMS 0x000000070c400000| PB 0x000000070c400000| Untracked |  0
|  53|0x000000070c600000, 0x000000070c600000, 0x000000070c800000|  0%| F|  |TAMS 0x000000070c600000| PB 0x000000070c600000| Untracked |  0
|  54|0x000000070c800000, 0x000000070c800000, 0x000000070ca00000|  0%| F|  |TAMS 0x000000070c800000| PB 0x000000070c800000| Untracked |  0
|  55|0x000000070ca00000, 0x000000070ca00000, 0x000000070cc00000|  0%| F|  |TAMS 0x000000070ca00000| PB 0x000000070ca00000| Untracked |  0
|  56|0x000000070cc00000, 0x000000070cc00000, 0x000000070ce00000|  0%| F|  |TAMS 0x000000070cc00000| PB 0x000000070cc00000| Untracked |  0
|  57|0x000000070ce00000, 0x000000070ce00000, 0x000000070d000000|  0%| F|  |TAMS 0x000000070ce00000| PB 0x000000070ce00000| Untracked |  0
|  58|0x000000070d000000, 0x000000070d000000, 0x000000070d200000|  0%| F|  |TAMS 0x000000070d000000| PB 0x000000070d000000| Untracked |  0
|  59|0x000000070d200000, 0x000000070d200000, 0x000000070d400000|  0%| F|  |TAMS 0x000000070d200000| PB 0x000000070d200000| Untracked |  0
|  60|0x000000070d400000, 0x000000070d400000, 0x000000070d600000|  0%| F|  |TAMS 0x000000070d400000| PB 0x000000070d400000| Untracked |  0
|  61|0x000000070d600000, 0x000000070d600000, 0x000000070d800000|  0%| F|  |TAMS 0x000000070d600000| PB 0x000000070d600000| Untracked |  0
|  62|0x000000070d800000, 0x000000070d800000, 0x000000070da00000|  0%| F|  |TAMS 0x000000070d800000| PB 0x000000070d800000| Untracked |  0
|  63|0x000000070da00000, 0x000000070da00000, 0x000000070dc00000|  0%| F|  |TAMS 0x000000070da00000| PB 0x000000070da00000| Untracked |  0
|  64|0x000000070dc00000, 0x000000070dc00000, 0x000000070de00000|  0%| F|  |TAMS 0x000000070dc00000| PB 0x000000070dc00000| Untracked |  0
|  65|0x000000070de00000, 0x000000070de00000, 0x000000070e000000|  0%| F|  |TAMS 0x000000070de00000| PB 0x000000070de00000| Untracked |  0
|  66|0x000000070e000000, 0x000000070e000000, 0x000000070e200000|  0%| F|  |TAMS 0x000000070e000000| PB 0x000000070e000000| Untracked |  0
|  67|0x000000070e200000, 0x000000070e200000, 0x000000070e400000|  0%| F|  |TAMS 0x000000070e200000| PB 0x000000070e200000| Untracked |  0
|  68|0x000000070e400000, 0x000000070e400000, 0x000000070e600000|  0%| F|  |TAMS 0x000000070e400000| PB 0x000000070e400000| Untracked |  0
|  69|0x000000070e600000, 0x000000070e600000, 0x000000070e800000|  0%| F|  |TAMS 0x000000070e600000| PB 0x000000070e600000| Untracked |  0
|  70|0x000000070e800000, 0x000000070e800000, 0x000000070ea00000|  0%| F|  |TAMS 0x000000070e800000| PB 0x000000070e800000| Untracked |  0
|  71|0x000000070ea00000, 0x000000070ea00000, 0x000000070ec00000|  0%| F|  |TAMS 0x000000070ea00000| PB 0x000000070ea00000| Untracked |  0
|  72|0x000000070ec00000, 0x000000070ec00000, 0x000000070ee00000|  0%| F|  |TAMS 0x000000070ec00000| PB 0x000000070ec00000| Untracked |  0
|  73|0x000000070ee00000, 0x000000070ee00000, 0x000000070f000000|  0%| F|  |TAMS 0x000000070ee00000| PB 0x000000070ee00000| Untracked |  0
|  74|0x000000070f000000, 0x000000070f000000, 0x000000070f200000|  0%| F|  |TAMS 0x000000070f000000| PB 0x000000070f000000| Untracked |  0
|  75|0x000000070f200000, 0x000000070f200000, 0x000000070f400000|  0%| F|  |TAMS 0x000000070f200000| PB 0x000000070f200000| Untracked |  0
|  76|0x000000070f400000, 0x000000070f400000, 0x000000070f600000|  0%| F|  |TAMS 0x000000070f400000| PB 0x000000070f400000| Untracked |  0
|  77|0x000000070f600000, 0x000000070f600000, 0x000000070f800000|  0%| F|  |TAMS 0x000000070f600000| PB 0x000000070f600000| Untracked |  0
|  78|0x000000070f800000, 0x000000070f800000, 0x000000070fa00000|  0%| F|  |TAMS 0x000000070f800000| PB 0x000000070f800000| Untracked |  0
|  79|0x000000070fa00000, 0x000000070fa00000, 0x000000070fc00000|  0%| F|  |TAMS 0x000000070fa00000| PB 0x000000070fa00000| Untracked |  0
|  80|0x000000070fc00000, 0x000000070fc00000, 0x000000070fe00000|  0%| F|  |TAMS 0x000000070fc00000| PB 0x000000070fc00000| Untracked |  0
|  81|0x000000070fe00000, 0x000000070fe00000, 0x0000000710000000|  0%| F|  |TAMS 0x000000070fe00000| PB 0x000000070fe00000| Untracked |  0
|  82|0x0000000710000000, 0x0000000710000000, 0x0000000710200000|  0%| F|  |TAMS 0x0000000710000000| PB 0x0000000710000000| Untracked |  0
|  83|0x0000000710200000, 0x0000000710200000, 0x0000000710400000|  0%| F|  |TAMS 0x0000000710200000| PB 0x0000000710200000| Untracked |  0
|  84|0x0000000710400000, 0x0000000710400000, 0x0000000710600000|  0%| F|  |TAMS 0x0000000710400000| PB 0x0000000710400000| Untracked |  0
|  85|0x0000000710600000, 0x0000000710600000, 0x0000000710800000|  0%| F|  |TAMS 0x0000000710600000| PB 0x0000000710600000| Untracked |  0
|  86|0x0000000710800000, 0x0000000710800000, 0x0000000710a00000|  0%| F|  |TAMS 0x0000000710800000| PB 0x0000000710800000| Untracked |  0
|  87|0x0000000710a00000, 0x0000000710a00000, 0x0000000710c00000|  0%| F|  |TAMS 0x0000000710a00000| PB 0x0000000710a00000| Untracked |  0
|  88|0x0000000710c00000, 0x0000000710c00000, 0x0000000710e00000|  0%| F|  |TAMS 0x0000000710c00000| PB 0x0000000710c00000| Untracked |  0
|  89|0x0000000710e00000, 0x0000000710e00000, 0x0000000711000000|  0%| F|  |TAMS 0x0000000710e00000| PB 0x0000000710e00000| Untracked |  0
|  90|0x0000000711000000, 0x0000000711000000, 0x0000000711200000|  0%| F|  |TAMS 0x0000000711000000| PB 0x0000000711000000| Untracked |  0
|  91|0x0000000711200000, 0x0000000711200000, 0x0000000711400000|  0%| F|  |TAMS 0x0000000711200000| PB 0x0000000711200000| Untracked |  0
|  92|0x0000000711400000, 0x0000000711400000, 0x0000000711600000|  0%| F|  |TAMS 0x0000000711400000| PB 0x0000000711400000| Untracked |  0
|  93|0x0000000711600000, 0x0000000711600000, 0x0000000711800000|  0%| F|  |TAMS 0x0000000711600000| PB 0x0000000711600000| Untracked |  0
|  94|0x0000000711800000, 0x0000000711800000, 0x0000000711a00000|  0%| F|  |TAMS 0x0000000711800000| PB 0x0000000711800000| Untracked |  0
|  95|0x0000000711a00000, 0x0000000711a00000, 0x0000000711c00000|  0%| F|  |TAMS 0x0000000711a00000| PB 0x0000000711a00000| Untracked |  0
|  96|0x0000000711c00000, 0x0000000711c00000, 0x0000000711e00000|  0%| F|  |TAMS 0x0000000711c00000| PB 0x0000000711c00000| Untracked |  0
|  97|0x0000000711e00000, 0x0000000711e00000, 0x0000000712000000|  0%| F|  |TAMS 0x0000000711e00000| PB 0x0000000711e00000| Untracked |  0
|  98|0x0000000712000000, 0x0000000712000000, 0x0000000712200000|  0%| F|  |TAMS 0x0000000712000000| PB 0x0000000712000000| Untracked |  0
|  99|0x0000000712200000, 0x0000000712200000, 0x0000000712400000|  0%| F|  |TAMS 0x0000000712200000| PB 0x0000000712200000| Untracked |  0
| 100|0x0000000712400000, 0x0000000712400000, 0x0000000712600000|  0%| F|  |TAMS 0x0000000712400000| PB 0x0000000712400000| Untracked |  0
| 101|0x0000000712600000, 0x0000000712600000, 0x0000000712800000|  0%| F|  |TAMS 0x0000000712600000| PB 0x0000000712600000| Untracked |  0
| 102|0x0000000712800000, 0x0000000712800000, 0x0000000712a00000|  0%| F|  |TAMS 0x0000000712800000| PB 0x0000000712800000| Untracked |  0
| 103|0x0000000712a00000, 0x0000000712a00000, 0x0000000712c00000|  0%| F|  |TAMS 0x0000000712a00000| PB 0x0000000712a00000| Untracked |  0
| 104|0x0000000712c00000, 0x0000000712c00000, 0x0000000712e00000|  0%| F|  |TAMS 0x0000000712c00000| PB 0x0000000712c00000| Untracked |  0
| 105|0x0000000712e00000, 0x0000000712e00000, 0x0000000713000000|  0%| F|  |TAMS 0x0000000712e00000| PB 0x0000000712e00000| Untracked |  0
| 106|0x0000000713000000, 0x0000000713000000, 0x0000000713200000|  0%| F|  |TAMS 0x0000000713000000| PB 0x0000000713000000| Untracked |  0
| 107|0x0000000713200000, 0x0000000713200000, 0x0000000713400000|  0%| F|  |TAMS 0x0000000713200000| PB 0x0000000713200000| Untracked |  0
| 108|0x0000000713400000, 0x0000000713400000, 0x0000000713600000|  0%| F|  |TAMS 0x0000000713400000| PB 0x0000000713400000| Untracked |  0
| 109|0x0000000713600000, 0x0000000713600000, 0x0000000713800000|  0%| F|  |TAMS 0x0000000713600000| PB 0x0000000713600000| Untracked |  0
| 110|0x0000000713800000, 0x0000000713800000, 0x0000000713a00000|  0%| F|  |TAMS 0x0000000713800000| PB 0x0000000713800000| Untracked |  0
| 111|0x0000000713a00000, 0x0000000713a00000, 0x0000000713c00000|  0%| F|  |TAMS 0x0000000713a00000| PB 0x0000000713a00000| Untracked |  0
| 112|0x0000000713c00000, 0x0000000713c00000, 0x0000000713e00000|  0%| F|  |TAMS 0x0000000713c00000| PB 0x0000000713c00000| Untracked |  0
| 113|0x0000000713e00000, 0x0000000713e00000, 0x0000000714000000|  0%| F|  |TAMS 0x0000000713e00000| PB 0x0000000713e00000| Untracked |  0
| 114|0x0000000714000000, 0x0000000714000000, 0x0000000714200000|  0%| F|  |TAMS 0x0000000714000000| PB 0x0000000714000000| Untracked |  0
| 115|0x0000000714200000, 0x000000071431cd58, 0x0000000714400000| 55%| E|  |TAMS 0x0000000714200000| PB 0x0000000714200000| Complete |  0
| 116|0x0000000714400000, 0x0000000714600000, 0x0000000714600000|100%| E|CS|TAMS 0x0000000714400000| PB 0x0000000714400000| Complete |  0
| 117|0x0000000714600000, 0x0000000714800000, 0x0000000714800000|100%| E|CS|TAMS 0x0000000714600000| PB 0x0000000714600000| Complete |  0
| 118|0x0000000714800000, 0x0000000714a00000, 0x0000000714a00000|100%| E|CS|TAMS 0x0000000714800000| PB 0x0000000714800000| Complete |  0
| 119|0x0000000714a00000, 0x0000000714c00000, 0x0000000714c00000|100%| E|CS|TAMS 0x0000000714a00000| PB 0x0000000714a00000| Complete |  0
| 120|0x0000000714c00000, 0x0000000714e00000, 0x0000000714e00000|100%| E|CS|TAMS 0x0000000714c00000| PB 0x0000000714c00000| Complete |  0
| 121|0x0000000714e00000, 0x0000000715000000, 0x0000000715000000|100%| E|  |TAMS 0x0000000714e00000| PB 0x0000000714e00000| Complete |  0
| 122|0x0000000715000000, 0x0000000715200000, 0x0000000715200000|100%| E|CS|TAMS 0x0000000715000000| PB 0x0000000715000000| Complete |  0
| 123|0x0000000715200000, 0x0000000715400000, 0x0000000715400000|100%| E|CS|TAMS 0x0000000715200000| PB 0x0000000715200000| Complete |  0
| 124|0x0000000715400000, 0x0000000715600000, 0x0000000715600000|100%| E|CS|TAMS 0x0000000715400000| PB 0x0000000715400000| Complete |  0
| 125|0x0000000715600000, 0x0000000715800000, 0x0000000715800000|100%| E|CS|TAMS 0x0000000715600000| PB 0x0000000715600000| Complete |  0
|2001|0x00000007ffe00000, 0x00000007fff1d1c0, 0x0000000800000000| 55%| O|  |TAMS 0x00000007ffe00000| PB 0x00000007ffe00000| Untracked |  0

Card table byte_map: [0x000001c8530d0000,0x000001c8538b0000] _byte_map_base: 0x000001c84f8a2000

Marking Bits: (CMBitMap*) 0x000001c845894350
 Bits: [0x000001c8538b0000, 0x000001c857740000)

Polling page: 0x000001c843a00000

Metaspace:

Usage:
  Non-class:      2.35 MB used.
      Class:    303.25 KB used.
       Both:      2.64 MB used.

Virtual space:
  Non-class space:       64.00 MB reserved,       2.44 MB (  4%) committed,  1 nodes.
      Class space:        1.00 GB reserved,     384.00 KB ( <1%) committed,  1 nodes.
             Both:        1.06 GB reserved,       2.81 MB ( <1%) committed. 

Chunk freelists:
   Non-Class:  11.93 MB
       Class:  15.59 MB
        Both:  27.51 MB

MaxMetaspaceSize: unlimited
CompressedClassSpaceSize: 1.00 GB
Initial GC threshold: 21.00 MB
Current GC threshold: 21.00 MB
CDS: on
 - commit_granule_bytes: 65536.
 - commit_granule_words: 8192.
 - virtual_space_node_default_size: 8388608.
 - enlarge_chunks_in_place: 1.
UseCompressedClassPointers 1, UseCompactObjectHeaders 0
Narrow klass pointer bits 32, Max shift 3
Narrow klass base: 0x000001c800000000, Narrow klass shift: 0
Encoding Range: [0x000001c800000000 - 0x000001c900000000), (4294967296 bytes)
Klass Range:    [0x000001c800000000 - 0x000001c841000000), (1090519040 bytes)
Klass ID Range:  [8 - 1090519033) (1090519025)


Internal statistics:

num_allocs_failed_limit: 0.
num_arena_births: 68.
num_arena_deaths: 0.
num_vsnodes_births: 2.
num_vsnodes_deaths: 0.
num_space_committed: 45.
num_space_uncommitted: 0.
num_chunks_returned_to_freelist: 0.
num_chunks_taken_from_freelist: 75.
num_chunk_merges: 0.
num_chunk_splits: 52.
num_chunks_enlarged: 31.
num_inconsistent_stats: 0.

CodeCache: size=49152Kb used=4788Kb max_used=4788Kb free=44363Kb
 bounds [0x000001c84ed20000, 0x000001c84f1d0000, 0x000001c851d20000]
 total_blobs=1669, nmethods=1245, adapters=347, full_count=0
Compilation: enabled, stopped_count=0, restarted_count=0

Compilation events (20 events):
Event: 0.421 Thread 0x000001c84599d500 1237   !   1       jdk.jfr.internal.Control::setValue (102 bytes)
Event: 0.421 Thread 0x000001c841278e30 1238       1       jdk.jfr.internal.SettingsManager$InternalSetting::getValues (35 bytes)
Event: 0.421 Thread 0x000001c841275730 1239       1       jdk.jfr.internal.Control::apply (10 bytes)
Event: 0.422 Thread 0x000001c84127bce0 1240       1       jdk.jfr.internal.Control::findCombine (121 bytes)
Event: 0.422 Thread 0x000001c8459ce650 1241       1       java.lang.StringLatin1::getChar (9 bytes)
Event: 0.422 Thread 0x000001c841278e30 nmethod 1238 0x000001c84f1ca408 code [0x000001c84f1ca540, 0x000001c84f1ca760]
Event: 0.422 Thread 0x000001c841278e30 1242       1       java.lang.String::endsWith (15 bytes)
Event: 0.422 Thread 0x000001c841275730 nmethod 1239 0x000001c84f1ca788 code [0x000001c84f1ca8a0, 0x000001c84f1ca9c0]
Event: 0.422 Thread 0x000001c8459ce650 nmethod 1241 0x000001c84f1caa88 code [0x000001c84f1caba0, 0x000001c84f1cac78]
Event: 0.422 Thread 0x000001c841278e30 nmethod 1242 0x000001c84f1cad88 code [0x000001c84f1caea0, 0x000001c84f1cafd8]
Event: 0.422 Thread 0x000001c84127bce0 nmethod 1240 0x000001c84f1cb088 code [0x000001c84f1cb240, 0x000001c84f1cba08]
Event: 0.423 Thread 0x000001c84599d500 nmethod 1237 0x000001c84f1cba88 code [0x000001c84f1cbc80, 0x000001c84f1cc348]
Event: 0.424 Thread 0x000001c84599d500 1243       1       jdk.jfr.internal.periodic.EventTask::getEventType (5 bytes)
Event: 0.424 Thread 0x000001c84599d500 nmethod 1243 0x000001c84f1cc408 code [0x000001c84f1cc500, 0x000001c84f1cc5c8]
Event: 0.424 Thread 0x000001c84599d500 1244       1       jdk.jfr.internal.periodic.PeriodicTask::getPeriod (5 bytes)
Event: 0.424 Thread 0x000001c84127bce0 1246       1       java.util.Comparator::lambda$comparingLong$6043328a$1 (18 bytes)
Event: 0.424 Thread 0x000001c841275730 1245       1       java.util.Comparator$$Lambda/0x000001c801073ac0::compare (10 bytes)
Event: 0.424 Thread 0x000001c84599d500 nmethod 1244 0x000001c84f1cc708 code [0x000001c84f1cc800, 0x000001c84f1cc8c8]
Event: 0.424 Thread 0x000001c84127bce0 nmethod 1246 0x000001c84f1cca08 code [0x000001c84f1ccb40, 0x000001c84f1ccd00]
Event: 0.424 Thread 0x000001c841275730 nmethod 1245 0x000001c84f1ccd88 code [0x000001c84f1ccec0, 0x000001c84f1cd0c0]

GC Heap History (0 events):
No events

Dll operation events (8 events):
Event: 0.220 Loaded shared library C:\Program Files\Java\jdk-24\bin\java.dll
Event: 0.259 Loaded shared library C:\Program Files\Java\jdk-24\bin\zip.dll
Event: 0.260 Loaded shared library C:\Program Files\Java\jdk-24\bin\instrument.dll
Event: 0.263 Loaded shared library C:\Program Files\Java\jdk-24\bin\net.dll
Event: 0.264 Loaded shared library C:\Program Files\Java\jdk-24\bin\nio.dll
Event: 0.266 Loaded shared library C:\Program Files\Java\jdk-24\bin\zip.dll
Event: 0.278 Loaded shared library C:\Program Files\Java\jdk-24\bin\extnet.dll
Event: 0.309 Loaded shared library C:\Program Files\Java\jdk-24\bin\jimage.dll

Deoptimization events (0 events):
No events

Classes loaded (20 events):
Event: 0.407 Loading class jdk/jfr/internal/MetadataWriter
Event: 0.407 Loading class jdk/jfr/internal/MetadataWriter done
Event: 0.407 Loading class jdk/jfr/internal/MetadataDescriptor$Element
Event: 0.407 Loading class jdk/jfr/internal/MetadataDescriptor$Element done
Event: 0.408 Loading class jdk/jfr/internal/MetadataDescriptor$Attribute
Event: 0.408 Loading class jdk/jfr/internal/MetadataDescriptor$Attribute done
Event: 0.411 Loading class jdk/jfr/internal/consumer/StringParser$Encoding
Event: 0.411 Loading class jdk/jfr/internal/consumer/StringParser$Encoding done
Event: 0.418 Loading class jdk/jfr/internal/consumer/RepositoryFiles
Event: 0.418 Loading class jdk/jfr/internal/consumer/RepositoryFiles done
Event: 0.419 Loading class jdk/jfr/internal/SettingsManager$InternalSetting
Event: 0.419 Loading class jdk/jfr/internal/SettingsManager$InternalSetting done
Event: 0.420 Loading class jdk/jfr/internal/util/Rate
Event: 0.420 Loading class jdk/jfr/internal/util/Rate done
Event: 0.420 Loading class jdk/jfr/internal/util/TimespanUnit
Event: 0.420 Loading class jdk/jfr/internal/util/TimespanUnit done
Event: 0.420 Loading class jdk/jfr/internal/util/ValueParser
Event: 0.421 Loading class jdk/jfr/internal/util/ValueParser done
Event: 0.422 Loading class jdk/jfr/internal/periodic/PeriodicType
Event: 0.422 Loading class jdk/jfr/internal/periodic/PeriodicType done

Classes unloaded (0 events):
No events

Classes redefined (0 events):
No events

Internal exceptions (18 events):
Event: 0.267 Thread 0x000001c845c83280 Exception <a 'java/lang/NoSuchMethodError'{0x000000071553bc78}: 'void java.lang.invoke.DirectMethodHandle$Holder.invokeStatic(java.lang.Object, java.lang.Object, java.lang.Object)'> (0x000000071553bc78) 
thrown [s\open\src\hotspot\share\interpreter\linkResolver.cpp, line 805]
Event: 0.270 Thread 0x000001c845c83280 Exception <a 'java/lang/NoSuchMethodError'{0x0000000715570838}: 'java.lang.Object java.lang.invoke.Invokers$Holder.invokeExact_MT(java.lang.Object, java.lang.Object, java.lang.Object, java.lang.Object, java.lang.Object)'> (0x0000000715570838) 
thrown [s\open\src\hotspot\share\interpreter\linkResolver.cpp, line 805]
Event: 0.276 Thread 0x000001c8412e0600 Exception <a 'java/lang/NoSuchMethodError'{0x00000007155f12f0}: 'java.lang.Object java.lang.invoke.DirectMethodHandle$Holder.invokeStaticInit(java.lang.Object)'> (0x00000007155f12f0) 
thrown [s\open\src\hotspot\share\interpreter\linkResolver.cpp, line 805]
Event: 0.276 Thread 0x000001c845c83280 Exception <a 'java/lang/NoSuchMethodError'{0x0000000715581890}: 'java.lang.Object java.lang.invoke.DirectMethodHandle$Holder.invokeStaticInit(java.lang.Object, java.lang.Object, java.lang.Object)'> (0x0000000715581890) 
thrown [s\open\src\hotspot\share\interpreter\linkResolver.cpp, line 805]
Event: 0.279 Thread 0x000001c8412e0600 Exception <a 'java/lang/NoSuchMethodError'{0x00000007155fbef8}: 'void java.lang.invoke.DirectMethodHandle$Holder.invokeStatic(java.lang.Object, java.lang.Object)'> (0x00000007155fbef8) 
thrown [s\open\src\hotspot\share\interpreter\linkResolver.cpp, line 805]
Event: 0.319 Thread 0x000001c845c83280 Exception <a 'java/lang/NoSuchMethodError'{0x000000071508c0c8}: 'void java.lang.invoke.DirectMethodHandle$Holder.invokeStaticInit(java.lang.Object)'> (0x000000071508c0c8) 
thrown [s\open\src\hotspot\share\interpreter\linkResolver.cpp, line 805]
Event: 0.328 Thread 0x000001c845c83280 Exception <a 'java/lang/NoSuchMethodError'{0x00000007150fd7a8}: 'void java.lang.invoke.DirectMethodHandle$Holder.invokeSpecial(java.lang.Object, java.lang.Object, java.lang.Object)'> (0x00000007150fd7a8) 
thrown [s\open\src\hotspot\share\interpreter\linkResolver.cpp, line 805]
Event: 0.334 Thread 0x000001c845c83280 Exception <a 'java/lang/NoSuchMethodError'{0x0000000715164d88}: 'java.lang.Object java.lang.invoke.DirectMethodHandle$Holder.newInvokeSpecial(java.lang.Object, java.lang.Object, java.lang.Object, java.lang.Object, java.lang.Object)'> (0x0000000715164d88) 
thrown [s\open\src\hotspot\share\interpreter\linkResolver.cpp, line 805]
Event: 0.355 Thread 0x000001c845c83280 Exception <a 'java/lang/NoSuchMethodError'{0x0000000714efbd10}: 'long java.lang.invoke.DirectMethodHandle$Holder.invokeVirtual(java.lang.Object, java.lang.Object)'> (0x0000000714efbd10) 
thrown [s\open\src\hotspot\share\interpreter\linkResolver.cpp, line 805]
Event: 0.377 Thread 0x000001c845c83280 Exception <a 'java/lang/NoSuchMethodError'{0x0000000714b3f710}: 'int java.lang.invoke.DirectMethodHandle$Holder.invokeSpecial(java.lang.Object, java.lang.Object, java.lang.Object)'> (0x0000000714b3f710) 
thrown [s\open\src\hotspot\share\interpreter\linkResolver.cpp, line 805]
Event: 0.398 Thread 0x000001c845c83280 Exception <a 'java/lang/NoSuchMethodError'{0x00000007146077d8}: 'void java.lang.invoke.DirectMethodHandle$Holder.invokeSpecial(java.lang.Object, java.lang.Object, int)'> (0x00000007146077d8) 
thrown [s\open\src\hotspot\share\interpreter\linkResolver.cpp, line 805]
Event: 0.398 Thread 0x000001c845c83280 Exception <a 'java/lang/NoSuchMethodError'{0x000000071460f3f8}: 'void java.lang.invoke.Invokers$Holder.invokeExact_MT(java.lang.Object, int, java.lang.Object)'> (0x000000071460f3f8) 
thrown [s\open\src\hotspot\share\interpreter\linkResolver.cpp, line 805]
Event: 0.399 Thread 0x000001c845c83280 Exception <a 'java/lang/NoSuchMethodError'{0x0000000714629ca8}: 'void java.lang.invoke.DirectMethodHandle$Holder.invokeStatic(java.lang.Object, java.lang.Object, int)'> (0x0000000714629ca8) 
thrown [s\open\src\hotspot\share\interpreter\linkResolver.cpp, line 805]
Event: 0.400 Thread 0x000001c845c83280 Exception <a 'java/lang/NoSuchMethodError'{0x0000000714638d98}: 'java.lang.Object java.lang.invoke.DirectMethodHandle$Holder.newInvokeSpecial(java.lang.Object, java.lang.Object, int)'> (0x0000000714638d98) 
thrown [s\open\src\hotspot\share\interpreter\linkResolver.cpp, line 805]
Event: 0.400 Thread 0x000001c8412e2a90 Exception <a 'java/lang/NoSuchMethodError'{0x00000007146faf60}: 'long java.lang.invoke.DirectMethodHandle$Holder.invokeSpecial(java.lang.Object, java.lang.Object)'> (0x00000007146faf60) 
thrown [s\open\src\hotspot\share\interpreter\linkResolver.cpp, line 805]
Event: 0.403 Thread 0x000001c845c83280 Exception <a 'sun/nio/fs/WindowsException'{0x000000071466dec0}> (0x000000071466dec0) 
thrown [s\open\src\hotspot\share\prims\jni.cpp, line 518]
Event: 0.404 Thread 0x000001c845c83280 Exception <a 'sun/nio/fs/WindowsException'{0x000000071467af08}> (0x000000071467af08) 
thrown [s\open\src\hotspot\share\prims\jni.cpp, line 518]
Event: 0.406 Thread 0x000001c845c83280 Exception <a 'sun/nio/fs/WindowsException'{0x000000071468cf50}> (0x000000071468cf50) 
thrown [s\open\src\hotspot\share\prims\jni.cpp, line 518]

VM Operations (6 events):
Event: 0.401 Executing VM operation: HandshakeAllThreads (Deoptimize)
Event: 0.401 Executing VM operation: HandshakeAllThreads (Deoptimize) done
Event: 0.402 Executing VM operation: HandshakeAllThreads (Deoptimize)
Event: 0.402 Executing VM operation: HandshakeAllThreads (Deoptimize) done
Event: 0.418 Executing VM operation: JFRSafepointClear
Event: 0.418 Executing VM operation: JFRSafepointClear done

Memory protections (0 events):
No events

Nmethod flushes (0 events):
No events

Events (16 events):
Event: 0.231 Thread 0x000001c845c83280 Thread added: 0x000001c845c83280
Event: 0.240 Thread 0x000001c845c83280 Thread added: 0x000001c8459c14e0
Event: 0.240 Thread 0x000001c845c83280 Thread added: 0x000001c8459c1e20
Event: 0.240 Thread 0x000001c845c83280 Thread added: 0x000001c8459c6ef0
Event: 0.240 Thread 0x000001c845c83280 Thread added: 0x000001c8459c7b50
Event: 0.240 Thread 0x000001c845c83280 Thread added: 0x000001c8459c8c30
Event: 0.240 Thread 0x000001c845c83280 Thread added: 0x000001c8459cd9f0
Event: 0.240 Thread 0x000001c845c83280 Thread added: 0x000001c8459ce650
Event: 0.244 Thread 0x000001c8459ce650 Thread added: 0x000001c84599d500
Event: 0.254 Thread 0x000001c84599d500 Thread added: 0x000001c841275730
Event: 0.254 Thread 0x000001c841275730 Thread added: 0x000001c841278e30
Event: 0.254 Thread 0x000001c84599d500 Thread added: 0x000001c84127bce0
Event: 0.262 Thread 0x000001c845c83280 Thread added: 0x000001c8412e1bf0
Event: 0.272 Thread 0x000001c845c83280 Thread added: 0x000001c8412e0600
Event: 0.317 Thread 0x000001c845c83280 Thread added: 0x000001c8412e0d50
Event: 0.400 Thread 0x000001c845c83280 Thread added: 0x000001c8412e2a90


Dynamic libraries:
0x00007ff6520f0000 - 0x00007ff652100000 	C:\Program Files\Java\jdk-24\bin\java.exe
0x00007ffa8cc40000 - 0x00007ffa8cea3000 	C:\Windows\SYSTEM32\ntdll.dll
0x00007ffa8b2a0000 - 0x00007ffa8b367000 	C:\Windows\System32\KERNEL32.DLL
0x00007ffa8a160000 - 0x00007ffa8a529000 	C:\Windows\System32\KERNELBASE.dll
0x00007ffa8a6d0000 - 0x00007ffa8a81c000 	C:\Windows\System32\ucrtbase.dll
0x00007ffa767a0000 - 0x00007ffa767bb000 	C:\Program Files\Java\jdk-24\bin\VCRUNTIME140.dll
0x00007ffa74ff0000 - 0x00007ffa75006000 	C:\Program Files\Java\jdk-24\bin\jli.dll
0x00007ffa8ac20000 - 0x00007ffa8adea000 	C:\Windows\System32\USER32.dll
0x00007ffa8a530000 - 0x00007ffa8a557000 	C:\Windows\System32\win32u.dll
0x00007ffa8af70000 - 0x00007ffa8af9a000 	C:\Windows\System32\GDI32.dll
0x00007ffa89f90000 - 0x00007ffa8a0c1000 	C:\Windows\System32\gdi32full.dll
0x00007ffa89e40000 - 0x00007ffa89ee3000 	C:\Windows\System32\msvcp_win.dll
0x00007ffa6ccc0000 - 0x00007ffa6cf50000 	C:\Windows\WinSxS\amd64_microsoft.windows.common-controls_6595b64144ccf1df_6.0.26100.3323_none_3e088096e3344490\COMCTL32.dll
0x00007ffa8b480000 - 0x00007ffa8b529000 	C:\Windows\System32\msvcrt.dll
0x00007ffa8baf0000 - 0x00007ffa8bb1f000 	C:\Windows\System32\IMM32.DLL
0x00007ffa76770000 - 0x00007ffa7677c000 	C:\Program Files\Java\jdk-24\bin\vcruntime140_1.dll
0x00007ffa46b90000 - 0x00007ffa46c1e000 	C:\Program Files\Java\jdk-24\bin\msvcp140.dll
0x00007ffa13160000 - 0x00007ffa13f02000 	C:\Program Files\Java\jdk-24\bin\server\jvm.dll
0x00007ffa8afa0000 - 0x00007ffa8b052000 	C:\Windows\System32\ADVAPI32.dll
0x00007ffa8bb40000 - 0x00007ffa8bbe6000 	C:\Windows\System32\sechost.dll
0x00007ffa8b070000 - 0x00007ffa8b186000 	C:\Windows\System32\RPCRT4.dll
0x00007ffa8b400000 - 0x00007ffa8b474000 	C:\Windows\System32\WS2_32.dll
0x00007ffa88a90000 - 0x00007ffa88ade000 	C:\Windows\SYSTEM32\POWRPROF.dll
0x00007ffa7ff60000 - 0x00007ffa7ff96000 	C:\Windows\SYSTEM32\WINMM.dll
0x00007ffa80e60000 - 0x00007ffa80e6b000 	C:\Windows\SYSTEM32\VERSION.dll
0x00007ffa88a70000 - 0x00007ffa88a84000 	C:\Windows\SYSTEM32\UMPDC.dll
0x00007ffa88d30000 - 0x00007ffa88d4a000 	C:\Windows\SYSTEM32\kernel.appcore.dll
0x00007ffa74730000 - 0x00007ffa7473a000 	C:\Program Files\Java\jdk-24\bin\jimage.dll
0x00007ffa87380000 - 0x00007ffa875c1000 	C:\Windows\SYSTEM32\DBGHELP.DLL
0x00007ffa8b6d0000 - 0x00007ffa8ba52000 	C:\Windows\System32\combase.dll
0x00007ffa8b1c0000 - 0x00007ffa8b296000 	C:\Windows\System32\OLEAUT32.dll
0x00007ffa6eda0000 - 0x00007ffa6edd9000 	C:\Windows\SYSTEM32\dbgcore.DLL
0x00007ffa89ef0000 - 0x00007ffa89f89000 	C:\Windows\System32\bcryptPrimitives.dll
0x00007ffa743b0000 - 0x00007ffa743bf000 	C:\Program Files\Java\jdk-24\bin\instrument.dll
0x00007ffa743e0000 - 0x00007ffa743fe000 	C:\Program Files\Java\jdk-24\bin\java.dll
0x00007ffa8b530000 - 0x00007ffa8b6c5000 	C:\Windows\System32\ole32.dll
0x00007ffa8bbf0000 - 0x00007ffa8c305000 	C:\Windows\System32\SHELL32.dll
0x00007ffa8a560000 - 0x00007ffa8a6c8000 	C:\Windows\System32\wintypes.dll
0x00007ffa29850000 - 0x00007ffa29a48000 	C:\Users\stagiaire\AppData\Local\Temp\idea_libasyncProfiler_dll_temp_folder\libasyncProfiler.dll
0x00007ffa878f0000 - 0x00007ffa88135000 	C:\Windows\SYSTEM32\windows.storage.dll
0x00007ffa8aa70000 - 0x00007ffa8ab5b000 	C:\Windows\System32\SHCORE.dll
0x00007ffa8ab60000 - 0x00007ffa8abbd000 	C:\Windows\System32\shlwapi.dll
0x00007ffa89d50000 - 0x00007ffa89d7f000 	C:\Windows\SYSTEM32\profapi.dll
0x00007ffa738b0000 - 0x00007ffa738c7000 	C:\Program Files\Java\jdk-24\bin\zip.dll
0x00007ffa74270000 - 0x00007ffa74280000 	C:\Program Files\Java\jdk-24\bin\net.dll
0x00007ffa89230000 - 0x00007ffa8929a000 	C:\Windows\system32\mswsock.dll
0x00007ffa738d0000 - 0x00007ffa738e6000 	C:\Program Files\Java\jdk-24\bin\nio.dll
0x00007ffa738a0000 - 0x00007ffa738a9000 	C:\Program Files\Java\jdk-24\bin\extnet.dll

JVMTI agents:
C:\Program Files\JetBrains\IntelliJ IDEA 2025.1.1.1\lib\idea_rt.jar path:C:\Program Files\Java\jdk-24\bin\instrument.dll, loaded, initialized, instrumentlib options:62150
C:\Users\stagiaire\AppData\Local\Temp\idea_libasyncProfiler_dll_temp_folder\libasyncProfiler.dll path:C:\Users\stagiaire\AppData\Local\Temp\idea_libasyncProfiler_dll_temp_folder\libasyncProfiler.dll, loaded, initialized, options:start,jfr,event=wall,interval=10ms,jfrsync=profile,cstack=no,file=C:\Users\stagiaire\IdeaSnapshots\TournoiProjectApplication_2025_05_15_091718.jfr,dbghelppath=C:\Users\stagiaire\AppData\Local\Temp\idea_dbghelp_dll_temp_folder\dbghelp.dll,log=C:\Users\stagiaire\AppData\Local\Temp\TournoiProjectApplication_2025_05_15_091718.jfr.log.txt,logLevel=DEBUG

dbghelp: loaded successfully - version: 4.0.5 - missing functions: none
symbol engine: initialized successfully - sym options: 0x614 - pdb path: .;C:\Program Files\Java\jdk-24\bin;C:\Windows\SYSTEM32;C:\Windows\WinSxS\amd64_microsoft.windows.common-controls_6595b64144ccf1df_6.0.26100.3323_none_3e088096e3344490;C:\Program Files\Java\jdk-24\bin\server;C:\Users\stagiaire\AppData\Local\Temp\idea_libasyncProfiler_dll_temp_folder

VM Arguments:
jvm_args: -XX:TieredStopAtLevel=1 -Dspring.output.ansi.enabled=always -javaagent:C:\Program Files\JetBrains\IntelliJ IDEA 2025.1.1.1\lib\idea_rt.jar=62150 -agentpath:C:\Users\stagiaire\AppData\Local\Temp\idea_libasyncProfiler_dll_temp_folder\libasyncProfiler.dll=start,jfr,event=wall,interval=10ms,jfrsync=profile,cstack=no,file=C:\Users\stagiaire\IdeaSnapshots\TournoiProjectApplication_2025_05_15_091718.jfr,dbghelppath=C:\Users\stagiaire\AppData\Local\Temp\idea_dbghelp_dll_temp_folder\dbghelp.dll,log=C:\Users\stagiaire\AppData\Local\Temp\TournoiProjectApplication_2025_05_15_091718.jfr.log.txt,logLevel=DEBUG -Dfile.encoding=UTF-8 -Dsun.stdout.encoding=UTF-8 -Dsun.stderr.encoding=UTF-8 
java_command: com.crud.tournoi_project.TournoiProjectApplication
java_class_path (initial): C:\Users\stagiaire\IdeaProjects\Tournoi_Project\target\classes
Launcher Type: SUN_STANDARD

[Global flags]
     intx CICompilerCount                          = 12                                        {product} {ergonomic}
     uint ConcGCThreads                            = 3                                         {product} {ergonomic}
     bool FlightRecorder                           = true                                      {product} {management}
     uint G1ConcRefinementThreads                  = 13                                        {product} {ergonomic}
   size_t G1HeapRegionSize                         = 2097152                                   {product} {ergonomic}
   size_t InitialHeapSize                          = 264241152                                 {product} {ergonomic}
   size_t MarkStackSize                            = 4194304                                   {product} {ergonomic}
   size_t MarkStackSizeMax                         = 536870912                                 {product} {ergonomic}
   size_t MaxHeapSize                              = 4198498304                                {product} {ergonomic}
   size_t MaxNewSize                               = 2518679552                                {product} {ergonomic}
   size_t MinHeapDeltaBytes                        = 2097152                                   {product} {ergonomic}
   size_t MinHeapSize                              = 8388608                                   {product} {ergonomic}
    uintx NonNMethodCodeHeapSize                   = 4096                                   {pd product} {ergonomic}
    uintx NonProfiledCodeHeapSize                  = 0                                      {pd product} {ergonomic}
     bool ProfileInterpreter                       = false                                  {pd product} {command line}
    uintx ProfiledCodeHeapSize                     = 0                                      {pd product} {ergonomic}
   size_t SoftMaxHeapSize                          = 4198498304                             {manageable} {ergonomic}
     intx TieredStopAtLevel                        = 1                                         {product} {command line}
     bool UseCompressedOops                        = true                           {product lp64_product} {ergonomic}
     bool UseG1GC                                  = true                                      {product} {ergonomic}
     bool UseLargePagesIndividualAllocation        = false                                  {pd product} {ergonomic}

Logging:
Log output configuration:
 #0: stdout all=warning uptime,level,tags foldmultilines=false
 #1: stderr all=off uptime,level,tags foldmultilines=false

Environment Variables:
PATH=C:\Program Files\Common Files\Oracle\Java\javapath;C:\Program Files (x86)\Common Files\Oracle\Java\java8path;C:\Program Files (x86)\Common Files\Oracle\Java\javapath;C:\Windows\system32;C:\Windows;C:\Windows\System32\Wbem;C:\Windows\System32\WindowsPowerShell\v1.0\;C:\Windows\System32\OpenSSH\;C:\Program Files (x86)\NVIDIA Corporation\PhysX\Common;C:\Program Files\NVIDIA Corporation\NVIDIA NvDLISR;C:\Program Files\dotnet\;C:\Program Files\Git\cmd;C:\Users\stagiaire\AppData\Local\Microsoft\WindowsApps;
USERNAME=stagiaire
OS=Windows_NT
PROCESSOR_IDENTIFIER=Intel64 Family 6 Model 186 Stepping 2, GenuineIntel
TMP=C:\Users\STAGIA~1\AppData\Local\Temp
TEMP=C:\Users\STAGIA~1\AppData\Local\Temp




Periodic native trim disabled

---------------  S Y S T E M  ---------------

OS:
 Windows 11 , 64 bit Build 26100 (10.0.26100.3323)
OS uptime: 3 days 0:15 hours
Hyper-V role detected

CPU: total 16 (initial active 16) (8 cores per cpu, 2 threads per core) family 6 model 186 stepping 2 microcode 0x4122, cx8, cmov, fxsr, ht, mmx, 3dnowpref, sse, sse2, sse3, ssse3, sse4.1, sse4.2, popcnt, lzcnt, tsc, tscinvbit, avx, avx2, aes, erms, clmul, bmi1, bmi2, adx, sha, fma, vzeroupper, clflush, clflushopt, clwb, hv, serialize, rdtscp, rdpid, fsrm, gfni, f16c, cet_ibt, cet_ss
Processor Information for processor 0
  Max Mhz: 2400, Current Mhz: 2400, Mhz Limit: 2400
Processor Information for processor 1
  Max Mhz: 2400, Current Mhz: 2400, Mhz Limit: 2400
Processor Information for processor 2
  Max Mhz: 2400, Current Mhz: 2400, Mhz Limit: 2400
Processor Information for processor 3
  Max Mhz: 2400, Current Mhz: 1520, Mhz Limit: 2400
Processor Information for processor 4
  Max Mhz: 2400, Current Mhz: 2400, Mhz Limit: 2400
Processor Information for processor 5
  Max Mhz: 2400, Current Mhz: 2400, Mhz Limit: 2400
Processor Information for processor 6
  Max Mhz: 2400, Current Mhz: 2400, Mhz Limit: 2400
Processor Information for processor 7
  Max Mhz: 2400, Current Mhz: 2400, Mhz Limit: 2400
Processor Information for processor 8
  Max Mhz: 2400, Current Mhz: 2400, Mhz Limit: 2400
Processor Information for processor 9
  Max Mhz: 2400, Current Mhz: 2400, Mhz Limit: 2400
Processor Information for processor 10
  Max Mhz: 2400, Current Mhz: 2400, Mhz Limit: 2400
Processor Information for processor 11
  Max Mhz: 2400, Current Mhz: 2400, Mhz Limit: 2400
Processor Information for processor 12
  Max Mhz: 2400, Current Mhz: 2400, Mhz Limit: 2400
Processor Information for processor 13
  Max Mhz: 2400, Current Mhz: 2400, Mhz Limit: 2400
Processor Information for processor 14
  Max Mhz: 2400, Current Mhz: 2400, Mhz Limit: 2400
Processor Information for processor 15
  Max Mhz: 2400, Current Mhz: 2400, Mhz Limit: 2400

Memory: 4k page, system-wide physical 16010M (6657M free)
TotalPageFile size 17034M (AvailPageFile size 6346M)
current process WorkingSet (physical memory assigned to process): 69M, peak: 69M
current process commit charge ("private bytes"): 385M, peak: 385M

vm_info: Java HotSpot(TM) 64-Bit Server VM (24.0.1+9-30) for windows-amd64 JRE (24.0.1+9-30), built on 2025-03-05T07:23:45Z with MS VC++ 17.6 (VS2022)

END.
